<?xml version="1.0" encoding="UTF-8"?>
<!-- Generated by org.testng.reporters.JUnitReportReporter -->
<testsuite hostname="admin-PC" name="com.pansafe.TestCase.Case" tests="1" failures="0" timestamp="16 Mar 2017 09:18:49 GMT" time="6.399" errors="0">
  <testcase name="f" time="6.399" classname="com.pansafe.TestCase.Case"/>
</testsuite> <!-- com.pansafe.TestCase.Case -->
