<?xml version="1.0" encoding="UTF-8"?>
<!-- Generated by org.testng.reporters.JUnitReportReporter -->
<testsuite hostname="pansafe-PC" name="com.demo.TestCase.Case" tests="1" failures="0" timestamp="29 Mar 2017 09:42:31 GMT" time="8.416" errors="0">
  <testcase name="f" time="8.416" classname="com.demo.TestCase.Case"/>
</testsuite> <!-- com.demo.TestCase.Case -->
